C:\USERS\THEO JR\DOCUMENTS\VISUAL STUDIO 2010\PROJECTS\FORMS TEST\DEBUG\FORMS TEST.EXE
C:\USERS\THEO JR\DOCUMENTS\VISUAL STUDIO 2010\PROJECTS\FORMS TEST\DEBUG\IBREAK.EXE
C:\USERS\THEO JR\DOCUMENTS\VISUAL STUDIO 2010\PROJECTS\FORMS TEST\DEBUG\IBREAK.ILK
C:\USERS\THEO JR\DOCUMENTS\VISUAL STUDIO 2010\PROJECTS\FORMS TEST\DEBUG\IBREAK.PDB
C:\USERS\THEO JR\DOCUMENTS\VISUAL STUDIO 2010\PROJECTS\FORMS TEST\FORMS TEST\DEBUG\.NETFRAMEWORK,VERSION=V4.0.ASSEMBLYATTRIBUTES.OBJ
C:\USERS\THEO JR\DOCUMENTS\VISUAL STUDIO 2010\PROJECTS\FORMS TEST\FORMS TEST\DEBUG\APP.RES
C:\USERS\THEO JR\DOCUMENTS\VISUAL STUDIO 2010\PROJECTS\FORMS TEST\FORMS TEST\DEBUG\ASSEMBLYINFO.OBJ
C:\USERS\THEO JR\DOCUMENTS\VISUAL STUDIO 2010\PROJECTS\FORMS TEST\FORMS TEST\DEBUG\FORMS TEST.OBJ
C:\USERS\THEO JR\DOCUMENTS\VISUAL STUDIO 2010\PROJECTS\FORMS TEST\FORMS TEST\DEBUG\FORMSTEST.FORM1.RESOURCES
C:\USERS\THEO JR\DOCUMENTS\VISUAL STUDIO 2010\PROJECTS\FORMS TEST\FORMS TEST\DEBUG\FORMSTEST.MAIN.RESOURCES
C:\USERS\THEO JR\DOCUMENTS\VISUAL STUDIO 2010\PROJECTS\FORMS TEST\FORMS TEST\DEBUG\HI.OBJ
C:\USERS\THEO JR\DOCUMENTS\VISUAL STUDIO 2010\PROJECTS\FORMS TEST\FORMS TEST\DEBUG\IBREAK.EXE.INTERMEDIATE.MANIFEST
C:\USERS\THEO JR\DOCUMENTS\VISUAL STUDIO 2010\PROJECTS\FORMS TEST\FORMS TEST\DEBUG\IBREAK.PCH
C:\USERS\THEO JR\DOCUMENTS\VISUAL STUDIO 2010\PROJECTS\FORMS TEST\FORMS TEST\DEBUG\MAIN.OBJ
C:\USERS\THEO JR\DOCUMENTS\VISUAL STUDIO 2010\PROJECTS\FORMS TEST\FORMS TEST\DEBUG\STDAFX.OBJ
C:\USERS\THEO JR\DOCUMENTS\VISUAL STUDIO 2010\PROJECTS\FORMS TEST\FORMS TEST\DEBUG\VC100.PDB
C:\USERS\THEO MAVRAKIS\DOCUMENTS\VISUAL STUDIO 2010\PROJECTS\IBREAK\DEBUG\IBREAK.EXE
C:\USERS\THEO MAVRAKIS\DOCUMENTS\VISUAL STUDIO 2010\PROJECTS\IBREAK\DEBUG\IBREAK.ILK
C:\USERS\THEO MAVRAKIS\DOCUMENTS\VISUAL STUDIO 2010\PROJECTS\IBREAK\DEBUG\IBREAK.PDB
C:\USERS\THEO MAVRAKIS\DOCUMENTS\VISUAL STUDIO 2010\PROJECTS\IBREAK\FORMS TEST\DEBUG\.NETFRAMEWORK,VERSION=V4.0.ASSEMBLYATTRIBUTES.OBJ
C:\USERS\THEO MAVRAKIS\DOCUMENTS\VISUAL STUDIO 2010\PROJECTS\IBREAK\FORMS TEST\DEBUG\APP.RES
C:\USERS\THEO MAVRAKIS\DOCUMENTS\VISUAL STUDIO 2010\PROJECTS\IBREAK\FORMS TEST\DEBUG\ASSEMBLYINFO.OBJ
C:\USERS\THEO MAVRAKIS\DOCUMENTS\VISUAL STUDIO 2010\PROJECTS\IBREAK\FORMS TEST\DEBUG\FORMS TEST.OBJ
C:\USERS\THEO MAVRAKIS\DOCUMENTS\VISUAL STUDIO 2010\PROJECTS\IBREAK\FORMS TEST\DEBUG\FORMSTEST.FORM1.RESOURCES
C:\USERS\THEO MAVRAKIS\DOCUMENTS\VISUAL STUDIO 2010\PROJECTS\IBREAK\FORMS TEST\DEBUG\FORMSTEST.MAIN.RESOURCES
C:\USERS\THEO MAVRAKIS\DOCUMENTS\VISUAL STUDIO 2010\PROJECTS\IBREAK\FORMS TEST\DEBUG\IBREAK.PCH
C:\USERS\THEO MAVRAKIS\DOCUMENTS\VISUAL STUDIO 2010\PROJECTS\IBREAK\FORMS TEST\DEBUG\MAIN.OBJ
C:\USERS\THEO MAVRAKIS\DOCUMENTS\VISUAL STUDIO 2010\PROJECTS\IBREAK\FORMS TEST\DEBUG\STDAFX.OBJ
C:\USERS\THEO MAVRAKIS\DOCUMENTS\VISUAL STUDIO 2010\PROJECTS\IBREAK\FORMS TEST\DEBUG\VC100.PDB
C:\Users\Theo Mavrakis\Documents\Visual Studio 2010\Projects\iBreak\iBreak\Debug\.NETFramework,Version=v4.0.AssemblyAttributes.obj
C:\USERS\THEO MAVRAKIS\DOCUMENTS\VISUAL STUDIO 2010\PROJECTS\IBREAK\IBREAK\DEBUG\APP.RES
C:\USERS\THEO MAVRAKIS\DOCUMENTS\VISUAL STUDIO 2010\PROJECTS\IBREAK\IBREAK\DEBUG\ASSEMBLYINFO.OBJ
C:\Users\Theo Mavrakis\Documents\Visual Studio 2010\Projects\iBreak\iBreak\Debug\cl.command.1.tlog
C:\Users\Theo Mavrakis\Documents\Visual Studio 2010\Projects\iBreak\iBreak\Debug\CL.read.1.tlog
C:\Users\Theo Mavrakis\Documents\Visual Studio 2010\Projects\iBreak\iBreak\Debug\CL.write.1.tlog
C:\Users\Theo Mavrakis\Documents\Visual Studio 2010\Projects\iBreak\iBreak\Debug\Forms Test.exe.intermediate.manifest
C:\USERS\THEO MAVRAKIS\DOCUMENTS\VISUAL STUDIO 2010\PROJECTS\IBREAK\IBREAK\DEBUG\FORMS TEST.OBJ
C:\Users\Theo Mavrakis\Documents\Visual Studio 2010\Projects\iBreak\iBreak\Debug\Forms Test.pch
C:\Users\Theo Mavrakis\Documents\Visual Studio 2010\Projects\iBreak\iBreak\Debug\Forms Test.write.1.tlog
C:\USERS\THEO MAVRAKIS\DOCUMENTS\VISUAL STUDIO 2010\PROJECTS\IBREAK\IBREAK\DEBUG\FORMSTEST.FORM1.RESOURCES
C:\USERS\THEO MAVRAKIS\DOCUMENTS\VISUAL STUDIO 2010\PROJECTS\IBREAK\IBREAK\DEBUG\FORMSTEST.MAIN.RESOURCES
C:\Users\Theo Mavrakis\Documents\Visual Studio 2010\Projects\iBreak\iBreak\Debug\GenerateResource.read.1.tlog
C:\Users\Theo Mavrakis\Documents\Visual Studio 2010\Projects\iBreak\iBreak\Debug\GenerateResource.read.109.tlog
C:\Users\Theo Mavrakis\Documents\Visual Studio 2010\Projects\iBreak\iBreak\Debug\GenerateResource.read.115.tlog
C:\Users\Theo Mavrakis\Documents\Visual Studio 2010\Projects\iBreak\iBreak\Debug\GenerateResource.read.155.tlog
C:\Users\Theo Mavrakis\Documents\Visual Studio 2010\Projects\iBreak\iBreak\Debug\GenerateResource.read.16.tlog
C:\Users\Theo Mavrakis\Documents\Visual Studio 2010\Projects\iBreak\iBreak\Debug\GenerateResource.read.161.tlog
C:\Users\Theo Mavrakis\Documents\Visual Studio 2010\Projects\iBreak\iBreak\Debug\GenerateResource.read.167.tlog
C:\Users\Theo Mavrakis\Documents\Visual Studio 2010\Projects\iBreak\iBreak\Debug\GenerateResource.read.17.tlog
C:\Users\Theo Mavrakis\Documents\Visual Studio 2010\Projects\iBreak\iBreak\Debug\GenerateResource.read.18.tlog
C:\Users\Theo Mavrakis\Documents\Visual Studio 2010\Projects\iBreak\iBreak\Debug\GenerateResource.read.180.tlog
C:\Users\Theo Mavrakis\Documents\Visual Studio 2010\Projects\iBreak\iBreak\Debug\GenerateResource.read.19.tlog
C:\Users\Theo Mavrakis\Documents\Visual Studio 2010\Projects\iBreak\iBreak\Debug\GenerateResource.read.232.tlog
C:\Users\Theo Mavrakis\Documents\Visual Studio 2010\Projects\iBreak\iBreak\Debug\GenerateResource.read.24.tlog
C:\Users\Theo Mavrakis\Documents\Visual Studio 2010\Projects\iBreak\iBreak\Debug\GenerateResource.read.241.tlog
C:\Users\Theo Mavrakis\Documents\Visual Studio 2010\Projects\iBreak\iBreak\Debug\GenerateResource.read.25.tlog
C:\Users\Theo Mavrakis\Documents\Visual Studio 2010\Projects\iBreak\iBreak\Debug\GenerateResource.read.250.tlog
C:\Users\Theo Mavrakis\Documents\Visual Studio 2010\Projects\iBreak\iBreak\Debug\GenerateResource.read.28.tlog
C:\Users\Theo Mavrakis\Documents\Visual Studio 2010\Projects\iBreak\iBreak\Debug\GenerateResource.read.31.tlog
C:\Users\Theo Mavrakis\Documents\Visual Studio 2010\Projects\iBreak\iBreak\Debug\GenerateResource.read.35.tlog
C:\Users\Theo Mavrakis\Documents\Visual Studio 2010\Projects\iBreak\iBreak\Debug\GenerateResource.read.36.tlog
C:\Users\Theo Mavrakis\Documents\Visual Studio 2010\Projects\iBreak\iBreak\Debug\GenerateResource.read.39.tlog
C:\Users\Theo Mavrakis\Documents\Visual Studio 2010\Projects\iBreak\iBreak\Debug\GenerateResource.read.44.tlog
C:\Users\Theo Mavrakis\Documents\Visual Studio 2010\Projects\iBreak\iBreak\Debug\GenerateResource.read.48.tlog
C:\Users\Theo Mavrakis\Documents\Visual Studio 2010\Projects\iBreak\iBreak\Debug\GenerateResource.read.52.tlog
C:\Users\Theo Mavrakis\Documents\Visual Studio 2010\Projects\iBreak\iBreak\Debug\GenerateResource.read.59.tlog
C:\Users\Theo Mavrakis\Documents\Visual Studio 2010\Projects\iBreak\iBreak\Debug\GenerateResource.read.61.tlog
C:\Users\Theo Mavrakis\Documents\Visual Studio 2010\Projects\iBreak\iBreak\Debug\GenerateResource.read.62.tlog
C:\Users\Theo Mavrakis\Documents\Visual Studio 2010\Projects\iBreak\iBreak\Debug\GenerateResource.read.69.tlog
C:\Users\Theo Mavrakis\Documents\Visual Studio 2010\Projects\iBreak\iBreak\Debug\GenerateResource.read.7.tlog
C:\Users\Theo Mavrakis\Documents\Visual Studio 2010\Projects\iBreak\iBreak\Debug\GenerateResource.read.8.tlog
C:\Users\Theo Mavrakis\Documents\Visual Studio 2010\Projects\iBreak\iBreak\Debug\GenerateResource.read.9.tlog
C:\Users\Theo Mavrakis\Documents\Visual Studio 2010\Projects\iBreak\iBreak\Debug\GenerateResource.write.1.tlog
C:\Users\Theo Mavrakis\Documents\Visual Studio 2010\Projects\iBreak\iBreak\Debug\GenerateResource.write.109.tlog
C:\Users\Theo Mavrakis\Documents\Visual Studio 2010\Projects\iBreak\iBreak\Debug\GenerateResource.write.115.tlog
C:\Users\Theo Mavrakis\Documents\Visual Studio 2010\Projects\iBreak\iBreak\Debug\GenerateResource.write.155.tlog
C:\Users\Theo Mavrakis\Documents\Visual Studio 2010\Projects\iBreak\iBreak\Debug\GenerateResource.write.16.tlog
C:\Users\Theo Mavrakis\Documents\Visual Studio 2010\Projects\iBreak\iBreak\Debug\GenerateResource.write.161.tlog
C:\Users\Theo Mavrakis\Documents\Visual Studio 2010\Projects\iBreak\iBreak\Debug\GenerateResource.write.167.tlog
C:\Users\Theo Mavrakis\Documents\Visual Studio 2010\Projects\iBreak\iBreak\Debug\GenerateResource.write.17.tlog
C:\Users\Theo Mavrakis\Documents\Visual Studio 2010\Projects\iBreak\iBreak\Debug\GenerateResource.write.18.tlog
C:\Users\Theo Mavrakis\Documents\Visual Studio 2010\Projects\iBreak\iBreak\Debug\GenerateResource.write.180.tlog
C:\Users\Theo Mavrakis\Documents\Visual Studio 2010\Projects\iBreak\iBreak\Debug\GenerateResource.write.19.tlog
C:\Users\Theo Mavrakis\Documents\Visual Studio 2010\Projects\iBreak\iBreak\Debug\GenerateResource.write.232.tlog
C:\Users\Theo Mavrakis\Documents\Visual Studio 2010\Projects\iBreak\iBreak\Debug\GenerateResource.write.24.tlog
C:\Users\Theo Mavrakis\Documents\Visual Studio 2010\Projects\iBreak\iBreak\Debug\GenerateResource.write.241.tlog
C:\Users\Theo Mavrakis\Documents\Visual Studio 2010\Projects\iBreak\iBreak\Debug\GenerateResource.write.25.tlog
C:\Users\Theo Mavrakis\Documents\Visual Studio 2010\Projects\iBreak\iBreak\Debug\GenerateResource.write.250.tlog
C:\Users\Theo Mavrakis\Documents\Visual Studio 2010\Projects\iBreak\iBreak\Debug\GenerateResource.write.28.tlog
C:\Users\Theo Mavrakis\Documents\Visual Studio 2010\Projects\iBreak\iBreak\Debug\GenerateResource.write.31.tlog
C:\Users\Theo Mavrakis\Documents\Visual Studio 2010\Projects\iBreak\iBreak\Debug\GenerateResource.write.35.tlog
C:\Users\Theo Mavrakis\Documents\Visual Studio 2010\Projects\iBreak\iBreak\Debug\GenerateResource.write.36.tlog
C:\Users\Theo Mavrakis\Documents\Visual Studio 2010\Projects\iBreak\iBreak\Debug\GenerateResource.write.39.tlog
C:\Users\Theo Mavrakis\Documents\Visual Studio 2010\Projects\iBreak\iBreak\Debug\GenerateResource.write.44.tlog
C:\Users\Theo Mavrakis\Documents\Visual Studio 2010\Projects\iBreak\iBreak\Debug\GenerateResource.write.48.tlog
C:\Users\Theo Mavrakis\Documents\Visual Studio 2010\Projects\iBreak\iBreak\Debug\GenerateResource.write.52.tlog
C:\Users\Theo Mavrakis\Documents\Visual Studio 2010\Projects\iBreak\iBreak\Debug\GenerateResource.write.59.tlog
C:\Users\Theo Mavrakis\Documents\Visual Studio 2010\Projects\iBreak\iBreak\Debug\GenerateResource.write.61.tlog
C:\Users\Theo Mavrakis\Documents\Visual Studio 2010\Projects\iBreak\iBreak\Debug\GenerateResource.write.62.tlog
C:\Users\Theo Mavrakis\Documents\Visual Studio 2010\Projects\iBreak\iBreak\Debug\GenerateResource.write.69.tlog
C:\Users\Theo Mavrakis\Documents\Visual Studio 2010\Projects\iBreak\iBreak\Debug\GenerateResource.write.7.tlog
C:\Users\Theo Mavrakis\Documents\Visual Studio 2010\Projects\iBreak\iBreak\Debug\GenerateResource.write.8.tlog
C:\Users\Theo Mavrakis\Documents\Visual Studio 2010\Projects\iBreak\iBreak\Debug\GenerateResource.write.9.tlog
C:\Users\Theo Mavrakis\Documents\Visual Studio 2010\Projects\iBreak\iBreak\Debug\hi.obj
C:\USERS\THEO MAVRAKIS\DOCUMENTS\VISUAL STUDIO 2010\PROJECTS\IBREAK\IBREAK\DEBUG\IBREAK.EXE.INTERMEDIATE.MANIFEST
C:\USERS\THEO MAVRAKIS\DOCUMENTS\VISUAL STUDIO 2010\PROJECTS\IBREAK\IBREAK\DEBUG\IBREAK.PCH
C:\Users\Theo Mavrakis\Documents\Visual Studio 2010\Projects\iBreak\iBreak\Debug\iBreak.write.1.tlog
C:\Users\Theo Mavrakis\Documents\Visual Studio 2010\Projects\iBreak\iBreak\Debug\link.1016.read.1.tlog
C:\Users\Theo Mavrakis\Documents\Visual Studio 2010\Projects\iBreak\iBreak\Debug\link.1016.write.1.tlog
C:\Users\Theo Mavrakis\Documents\Visual Studio 2010\Projects\iBreak\iBreak\Debug\link.1016-cvtres.read.1.tlog
C:\Users\Theo Mavrakis\Documents\Visual Studio 2010\Projects\iBreak\iBreak\Debug\link.1016-cvtres.write.1.tlog
C:\Users\Theo Mavrakis\Documents\Visual Studio 2010\Projects\iBreak\iBreak\Debug\link.10296.read.1.tlog
C:\Users\Theo Mavrakis\Documents\Visual Studio 2010\Projects\iBreak\iBreak\Debug\link.10296.write.1.tlog
C:\Users\Theo Mavrakis\Documents\Visual Studio 2010\Projects\iBreak\iBreak\Debug\link.10296-cvtres.read.1.tlog
C:\Users\Theo Mavrakis\Documents\Visual Studio 2010\Projects\iBreak\iBreak\Debug\link.10296-cvtres.write.1.tlog
C:\Users\Theo Mavrakis\Documents\Visual Studio 2010\Projects\iBreak\iBreak\Debug\link.1068.read.1.tlog
C:\Users\Theo Mavrakis\Documents\Visual Studio 2010\Projects\iBreak\iBreak\Debug\link.1068.write.1.tlog
C:\Users\Theo Mavrakis\Documents\Visual Studio 2010\Projects\iBreak\iBreak\Debug\link.1068-cvtres.read.1.tlog
C:\Users\Theo Mavrakis\Documents\Visual Studio 2010\Projects\iBreak\iBreak\Debug\link.1068-cvtres.write.1.tlog
C:\Users\Theo Mavrakis\Documents\Visual Studio 2010\Projects\iBreak\iBreak\Debug\link.10776.read.1.tlog
C:\Users\Theo Mavrakis\Documents\Visual Studio 2010\Projects\iBreak\iBreak\Debug\link.10776.write.1.tlog
C:\Users\Theo Mavrakis\Documents\Visual Studio 2010\Projects\iBreak\iBreak\Debug\link.10776-cvtres.read.1.tlog
C:\Users\Theo Mavrakis\Documents\Visual Studio 2010\Projects\iBreak\iBreak\Debug\link.10776-cvtres.write.1.tlog
C:\Users\Theo Mavrakis\Documents\Visual Studio 2010\Projects\iBreak\iBreak\Debug\link.1136.read.1.tlog
C:\Users\Theo Mavrakis\Documents\Visual Studio 2010\Projects\iBreak\iBreak\Debug\link.1136.write.1.tlog
C:\Users\Theo Mavrakis\Documents\Visual Studio 2010\Projects\iBreak\iBreak\Debug\link.1136-cvtres.read.1.tlog
C:\Users\Theo Mavrakis\Documents\Visual Studio 2010\Projects\iBreak\iBreak\Debug\link.1136-cvtres.write.1.tlog
C:\Users\Theo Mavrakis\Documents\Visual Studio 2010\Projects\iBreak\iBreak\Debug\link.1156.read.1.tlog
C:\Users\Theo Mavrakis\Documents\Visual Studio 2010\Projects\iBreak\iBreak\Debug\link.1156.write.1.tlog
C:\Users\Theo Mavrakis\Documents\Visual Studio 2010\Projects\iBreak\iBreak\Debug\link.1156-cvtres.read.1.tlog
C:\Users\Theo Mavrakis\Documents\Visual Studio 2010\Projects\iBreak\iBreak\Debug\link.1156-cvtres.write.1.tlog
C:\Users\Theo Mavrakis\Documents\Visual Studio 2010\Projects\iBreak\iBreak\Debug\link.12052.read.1.tlog
C:\Users\Theo Mavrakis\Documents\Visual Studio 2010\Projects\iBreak\iBreak\Debug\link.12052.write.1.tlog
C:\Users\Theo Mavrakis\Documents\Visual Studio 2010\Projects\iBreak\iBreak\Debug\link.12052-cvtres.read.1.tlog
C:\Users\Theo Mavrakis\Documents\Visual Studio 2010\Projects\iBreak\iBreak\Debug\link.12052-cvtres.write.1.tlog
C:\Users\Theo Mavrakis\Documents\Visual Studio 2010\Projects\iBreak\iBreak\Debug\link.12324.read.1.tlog
C:\Users\Theo Mavrakis\Documents\Visual Studio 2010\Projects\iBreak\iBreak\Debug\link.12324.write.1.tlog
C:\Users\Theo Mavrakis\Documents\Visual Studio 2010\Projects\iBreak\iBreak\Debug\link.12324-cvtres.read.1.tlog
C:\Users\Theo Mavrakis\Documents\Visual Studio 2010\Projects\iBreak\iBreak\Debug\link.12324-cvtres.write.1.tlog
C:\Users\Theo Mavrakis\Documents\Visual Studio 2010\Projects\iBreak\iBreak\Debug\link.13712.read.1.tlog
C:\Users\Theo Mavrakis\Documents\Visual Studio 2010\Projects\iBreak\iBreak\Debug\link.13712.write.1.tlog
C:\Users\Theo Mavrakis\Documents\Visual Studio 2010\Projects\iBreak\iBreak\Debug\link.13712-cvtres.read.1.tlog
C:\Users\Theo Mavrakis\Documents\Visual Studio 2010\Projects\iBreak\iBreak\Debug\link.13712-cvtres.write.1.tlog
C:\Users\Theo Mavrakis\Documents\Visual Studio 2010\Projects\iBreak\iBreak\Debug\link.1380.read.1.tlog
C:\Users\Theo Mavrakis\Documents\Visual Studio 2010\Projects\iBreak\iBreak\Debug\link.1380.write.1.tlog
C:\Users\Theo Mavrakis\Documents\Visual Studio 2010\Projects\iBreak\iBreak\Debug\link.1380-cvtres.read.1.tlog
C:\Users\Theo Mavrakis\Documents\Visual Studio 2010\Projects\iBreak\iBreak\Debug\link.1380-cvtres.write.1.tlog
C:\Users\Theo Mavrakis\Documents\Visual Studio 2010\Projects\iBreak\iBreak\Debug\link.14492.read.1.tlog
C:\Users\Theo Mavrakis\Documents\Visual Studio 2010\Projects\iBreak\iBreak\Debug\link.14492.write.1.tlog
C:\Users\Theo Mavrakis\Documents\Visual Studio 2010\Projects\iBreak\iBreak\Debug\link.14492-cvtres.read.1.tlog
C:\Users\Theo Mavrakis\Documents\Visual Studio 2010\Projects\iBreak\iBreak\Debug\link.14492-cvtres.write.1.tlog
C:\Users\Theo Mavrakis\Documents\Visual Studio 2010\Projects\iBreak\iBreak\Debug\link.1476.read.1.tlog
C:\Users\Theo Mavrakis\Documents\Visual Studio 2010\Projects\iBreak\iBreak\Debug\link.1476.write.1.tlog
C:\Users\Theo Mavrakis\Documents\Visual Studio 2010\Projects\iBreak\iBreak\Debug\link.1476-cvtres.read.1.tlog
C:\Users\Theo Mavrakis\Documents\Visual Studio 2010\Projects\iBreak\iBreak\Debug\link.1476-cvtres.write.1.tlog
C:\Users\Theo Mavrakis\Documents\Visual Studio 2010\Projects\iBreak\iBreak\Debug\link.1536.read.1.tlog
C:\Users\Theo Mavrakis\Documents\Visual Studio 2010\Projects\iBreak\iBreak\Debug\link.1536.write.1.tlog
C:\Users\Theo Mavrakis\Documents\Visual Studio 2010\Projects\iBreak\iBreak\Debug\link.1536-cvtres.read.1.tlog
C:\Users\Theo Mavrakis\Documents\Visual Studio 2010\Projects\iBreak\iBreak\Debug\link.1536-cvtres.write.1.tlog
C:\Users\Theo Mavrakis\Documents\Visual Studio 2010\Projects\iBreak\iBreak\Debug\link.15672.read.1.tlog
C:\Users\Theo Mavrakis\Documents\Visual Studio 2010\Projects\iBreak\iBreak\Debug\link.15672.write.1.tlog
C:\Users\Theo Mavrakis\Documents\Visual Studio 2010\Projects\iBreak\iBreak\Debug\link.15672-cvtres.read.1.tlog
C:\Users\Theo Mavrakis\Documents\Visual Studio 2010\Projects\iBreak\iBreak\Debug\link.15672-cvtres.write.1.tlog
C:\Users\Theo Mavrakis\Documents\Visual Studio 2010\Projects\iBreak\iBreak\Debug\link.16208.read.1.tlog
C:\Users\Theo Mavrakis\Documents\Visual Studio 2010\Projects\iBreak\iBreak\Debug\link.16208.write.1.tlog
C:\Users\Theo Mavrakis\Documents\Visual Studio 2010\Projects\iBreak\iBreak\Debug\link.16208-cvtres.read.1.tlog
C:\Users\Theo Mavrakis\Documents\Visual Studio 2010\Projects\iBreak\iBreak\Debug\link.16208-cvtres.write.1.tlog
C:\Users\Theo Mavrakis\Documents\Visual Studio 2010\Projects\iBreak\iBreak\Debug\link.16776.read.1.tlog
C:\Users\Theo Mavrakis\Documents\Visual Studio 2010\Projects\iBreak\iBreak\Debug\link.16776.write.1.tlog
C:\Users\Theo Mavrakis\Documents\Visual Studio 2010\Projects\iBreak\iBreak\Debug\link.16776-cvtres.read.1.tlog
C:\Users\Theo Mavrakis\Documents\Visual Studio 2010\Projects\iBreak\iBreak\Debug\link.16776-cvtres.write.1.tlog
C:\Users\Theo Mavrakis\Documents\Visual Studio 2010\Projects\iBreak\iBreak\Debug\link.17172.read.1.tlog
C:\Users\Theo Mavrakis\Documents\Visual Studio 2010\Projects\iBreak\iBreak\Debug\link.17172.write.1.tlog
C:\Users\Theo Mavrakis\Documents\Visual Studio 2010\Projects\iBreak\iBreak\Debug\link.17172-cvtres.read.1.tlog
C:\Users\Theo Mavrakis\Documents\Visual Studio 2010\Projects\iBreak\iBreak\Debug\link.17172-cvtres.write.1.tlog
C:\Users\Theo Mavrakis\Documents\Visual Studio 2010\Projects\iBreak\iBreak\Debug\link.17280.read.1.tlog
C:\Users\Theo Mavrakis\Documents\Visual Studio 2010\Projects\iBreak\iBreak\Debug\link.17280.write.1.tlog
C:\Users\Theo Mavrakis\Documents\Visual Studio 2010\Projects\iBreak\iBreak\Debug\link.17280-cvtres.read.1.tlog
C:\Users\Theo Mavrakis\Documents\Visual Studio 2010\Projects\iBreak\iBreak\Debug\link.17280-cvtres.write.1.tlog
C:\Users\Theo Mavrakis\Documents\Visual Studio 2010\Projects\iBreak\iBreak\Debug\link.1816.read.1.tlog
C:\Users\Theo Mavrakis\Documents\Visual Studio 2010\Projects\iBreak\iBreak\Debug\link.1816.write.1.tlog
C:\Users\Theo Mavrakis\Documents\Visual Studio 2010\Projects\iBreak\iBreak\Debug\link.1816-cvtres.read.1.tlog
C:\Users\Theo Mavrakis\Documents\Visual Studio 2010\Projects\iBreak\iBreak\Debug\link.1816-cvtres.write.1.tlog
C:\Users\Theo Mavrakis\Documents\Visual Studio 2010\Projects\iBreak\iBreak\Debug\link.1984.read.1.tlog
C:\Users\Theo Mavrakis\Documents\Visual Studio 2010\Projects\iBreak\iBreak\Debug\link.1984.write.1.tlog
C:\Users\Theo Mavrakis\Documents\Visual Studio 2010\Projects\iBreak\iBreak\Debug\link.1984-cvtres.read.1.tlog
C:\Users\Theo Mavrakis\Documents\Visual Studio 2010\Projects\iBreak\iBreak\Debug\link.1984-cvtres.write.1.tlog
C:\Users\Theo Mavrakis\Documents\Visual Studio 2010\Projects\iBreak\iBreak\Debug\link.2000.read.1.tlog
C:\Users\Theo Mavrakis\Documents\Visual Studio 2010\Projects\iBreak\iBreak\Debug\link.2000.write.1.tlog
C:\Users\Theo Mavrakis\Documents\Visual Studio 2010\Projects\iBreak\iBreak\Debug\link.2000-cvtres.read.1.tlog
C:\Users\Theo Mavrakis\Documents\Visual Studio 2010\Projects\iBreak\iBreak\Debug\link.2000-cvtres.write.1.tlog
C:\Users\Theo Mavrakis\Documents\Visual Studio 2010\Projects\iBreak\iBreak\Debug\link.2080.read.1.tlog
C:\Users\Theo Mavrakis\Documents\Visual Studio 2010\Projects\iBreak\iBreak\Debug\link.2080.write.1.tlog
C:\Users\Theo Mavrakis\Documents\Visual Studio 2010\Projects\iBreak\iBreak\Debug\link.2080-cvtres.read.1.tlog
C:\Users\Theo Mavrakis\Documents\Visual Studio 2010\Projects\iBreak\iBreak\Debug\link.2080-cvtres.write.1.tlog
C:\Users\Theo Mavrakis\Documents\Visual Studio 2010\Projects\iBreak\iBreak\Debug\link.2440.read.1.tlog
C:\Users\Theo Mavrakis\Documents\Visual Studio 2010\Projects\iBreak\iBreak\Debug\link.2440.write.1.tlog
C:\Users\Theo Mavrakis\Documents\Visual Studio 2010\Projects\iBreak\iBreak\Debug\link.2440-cvtres.read.1.tlog
C:\Users\Theo Mavrakis\Documents\Visual Studio 2010\Projects\iBreak\iBreak\Debug\link.2440-cvtres.write.1.tlog
C:\Users\Theo Mavrakis\Documents\Visual Studio 2010\Projects\iBreak\iBreak\Debug\link.2460.read.1.tlog
C:\Users\Theo Mavrakis\Documents\Visual Studio 2010\Projects\iBreak\iBreak\Debug\link.2460.write.1.tlog
C:\Users\Theo Mavrakis\Documents\Visual Studio 2010\Projects\iBreak\iBreak\Debug\link.2460-cvtres.read.1.tlog
C:\Users\Theo Mavrakis\Documents\Visual Studio 2010\Projects\iBreak\iBreak\Debug\link.2460-cvtres.write.1.tlog
C:\Users\Theo Mavrakis\Documents\Visual Studio 2010\Projects\iBreak\iBreak\Debug\link.2668.read.1.tlog
C:\Users\Theo Mavrakis\Documents\Visual Studio 2010\Projects\iBreak\iBreak\Debug\link.2668.write.1.tlog
C:\Users\Theo Mavrakis\Documents\Visual Studio 2010\Projects\iBreak\iBreak\Debug\link.2668-cvtres.read.1.tlog
C:\Users\Theo Mavrakis\Documents\Visual Studio 2010\Projects\iBreak\iBreak\Debug\link.2668-cvtres.write.1.tlog
C:\Users\Theo Mavrakis\Documents\Visual Studio 2010\Projects\iBreak\iBreak\Debug\link.2884.read.1.tlog
C:\Users\Theo Mavrakis\Documents\Visual Studio 2010\Projects\iBreak\iBreak\Debug\link.2884.write.1.tlog
C:\Users\Theo Mavrakis\Documents\Visual Studio 2010\Projects\iBreak\iBreak\Debug\link.2884-cvtres.read.1.tlog
C:\Users\Theo Mavrakis\Documents\Visual Studio 2010\Projects\iBreak\iBreak\Debug\link.2884-cvtres.write.1.tlog
C:\Users\Theo Mavrakis\Documents\Visual Studio 2010\Projects\iBreak\iBreak\Debug\link.2944.read.1.tlog
C:\Users\Theo Mavrakis\Documents\Visual Studio 2010\Projects\iBreak\iBreak\Debug\link.2944.write.1.tlog
C:\Users\Theo Mavrakis\Documents\Visual Studio 2010\Projects\iBreak\iBreak\Debug\link.2944-cvtres.read.1.tlog
C:\Users\Theo Mavrakis\Documents\Visual Studio 2010\Projects\iBreak\iBreak\Debug\link.2944-cvtres.write.1.tlog
C:\Users\Theo Mavrakis\Documents\Visual Studio 2010\Projects\iBreak\iBreak\Debug\link.3000.read.1.tlog
C:\Users\Theo Mavrakis\Documents\Visual Studio 2010\Projects\iBreak\iBreak\Debug\link.3000.write.1.tlog
C:\Users\Theo Mavrakis\Documents\Visual Studio 2010\Projects\iBreak\iBreak\Debug\link.3000-cvtres.read.1.tlog
C:\Users\Theo Mavrakis\Documents\Visual Studio 2010\Projects\iBreak\iBreak\Debug\link.3000-cvtres.write.1.tlog
C:\Users\Theo Mavrakis\Documents\Visual Studio 2010\Projects\iBreak\iBreak\Debug\link.3084.read.1.tlog
C:\Users\Theo Mavrakis\Documents\Visual Studio 2010\Projects\iBreak\iBreak\Debug\link.3084.write.1.tlog
C:\Users\Theo Mavrakis\Documents\Visual Studio 2010\Projects\iBreak\iBreak\Debug\link.3084-cvtres.read.1.tlog
C:\Users\Theo Mavrakis\Documents\Visual Studio 2010\Projects\iBreak\iBreak\Debug\link.3084-cvtres.write.1.tlog
C:\Users\Theo Mavrakis\Documents\Visual Studio 2010\Projects\iBreak\iBreak\Debug\link.3296.read.1.tlog
C:\Users\Theo Mavrakis\Documents\Visual Studio 2010\Projects\iBreak\iBreak\Debug\link.3296.write.1.tlog
C:\Users\Theo Mavrakis\Documents\Visual Studio 2010\Projects\iBreak\iBreak\Debug\link.3296-cvtres.read.1.tlog
C:\Users\Theo Mavrakis\Documents\Visual Studio 2010\Projects\iBreak\iBreak\Debug\link.3296-cvtres.write.1.tlog
C:\Users\Theo Mavrakis\Documents\Visual Studio 2010\Projects\iBreak\iBreak\Debug\link.3444.read.1.tlog
C:\Users\Theo Mavrakis\Documents\Visual Studio 2010\Projects\iBreak\iBreak\Debug\link.3444.write.1.tlog
C:\Users\Theo Mavrakis\Documents\Visual Studio 2010\Projects\iBreak\iBreak\Debug\link.3444-cvtres.read.1.tlog
C:\Users\Theo Mavrakis\Documents\Visual Studio 2010\Projects\iBreak\iBreak\Debug\link.3444-cvtres.write.1.tlog
C:\Users\Theo Mavrakis\Documents\Visual Studio 2010\Projects\iBreak\iBreak\Debug\link.3544.read.1.tlog
C:\Users\Theo Mavrakis\Documents\Visual Studio 2010\Projects\iBreak\iBreak\Debug\link.3544.write.1.tlog
C:\Users\Theo Mavrakis\Documents\Visual Studio 2010\Projects\iBreak\iBreak\Debug\link.3544-cvtres.read.1.tlog
C:\Users\Theo Mavrakis\Documents\Visual Studio 2010\Projects\iBreak\iBreak\Debug\link.3544-cvtres.write.1.tlog
C:\Users\Theo Mavrakis\Documents\Visual Studio 2010\Projects\iBreak\iBreak\Debug\link.3612.read.1.tlog
C:\Users\Theo Mavrakis\Documents\Visual Studio 2010\Projects\iBreak\iBreak\Debug\link.3612.write.1.tlog
C:\Users\Theo Mavrakis\Documents\Visual Studio 2010\Projects\iBreak\iBreak\Debug\link.3612-cvtres.read.1.tlog
C:\Users\Theo Mavrakis\Documents\Visual Studio 2010\Projects\iBreak\iBreak\Debug\link.3612-cvtres.write.1.tlog
C:\Users\Theo Mavrakis\Documents\Visual Studio 2010\Projects\iBreak\iBreak\Debug\link.3668.read.1.tlog
C:\Users\Theo Mavrakis\Documents\Visual Studio 2010\Projects\iBreak\iBreak\Debug\link.3668.write.1.tlog
C:\Users\Theo Mavrakis\Documents\Visual Studio 2010\Projects\iBreak\iBreak\Debug\link.3668-cvtres.read.1.tlog
C:\Users\Theo Mavrakis\Documents\Visual Studio 2010\Projects\iBreak\iBreak\Debug\link.3668-cvtres.write.1.tlog
C:\Users\Theo Mavrakis\Documents\Visual Studio 2010\Projects\iBreak\iBreak\Debug\link.3844.read.1.tlog
C:\Users\Theo Mavrakis\Documents\Visual Studio 2010\Projects\iBreak\iBreak\Debug\link.3844.write.1.tlog
C:\Users\Theo Mavrakis\Documents\Visual Studio 2010\Projects\iBreak\iBreak\Debug\link.3844-cvtres.read.1.tlog
C:\Users\Theo Mavrakis\Documents\Visual Studio 2010\Projects\iBreak\iBreak\Debug\link.3844-cvtres.write.1.tlog
C:\Users\Theo Mavrakis\Documents\Visual Studio 2010\Projects\iBreak\iBreak\Debug\link.3984.read.1.tlog
C:\Users\Theo Mavrakis\Documents\Visual Studio 2010\Projects\iBreak\iBreak\Debug\link.3984.write.1.tlog
C:\Users\Theo Mavrakis\Documents\Visual Studio 2010\Projects\iBreak\iBreak\Debug\link.3984-cvtres.read.1.tlog
C:\Users\Theo Mavrakis\Documents\Visual Studio 2010\Projects\iBreak\iBreak\Debug\link.3984-cvtres.write.1.tlog
C:\Users\Theo Mavrakis\Documents\Visual Studio 2010\Projects\iBreak\iBreak\Debug\link.4068.read.1.tlog
C:\Users\Theo Mavrakis\Documents\Visual Studio 2010\Projects\iBreak\iBreak\Debug\link.4068.write.1.tlog
C:\Users\Theo Mavrakis\Documents\Visual Studio 2010\Projects\iBreak\iBreak\Debug\link.4068-cvtres.read.1.tlog
C:\Users\Theo Mavrakis\Documents\Visual Studio 2010\Projects\iBreak\iBreak\Debug\link.4068-cvtres.write.1.tlog
C:\Users\Theo Mavrakis\Documents\Visual Studio 2010\Projects\iBreak\iBreak\Debug\link.4080.read.1.tlog
C:\Users\Theo Mavrakis\Documents\Visual Studio 2010\Projects\iBreak\iBreak\Debug\link.4080.write.1.tlog
C:\Users\Theo Mavrakis\Documents\Visual Studio 2010\Projects\iBreak\iBreak\Debug\link.4080-cvtres.read.1.tlog
C:\Users\Theo Mavrakis\Documents\Visual Studio 2010\Projects\iBreak\iBreak\Debug\link.4080-cvtres.write.1.tlog
C:\Users\Theo Mavrakis\Documents\Visual Studio 2010\Projects\iBreak\iBreak\Debug\link.4100.read.1.tlog
C:\Users\Theo Mavrakis\Documents\Visual Studio 2010\Projects\iBreak\iBreak\Debug\link.4100.write.1.tlog
C:\Users\Theo Mavrakis\Documents\Visual Studio 2010\Projects\iBreak\iBreak\Debug\link.4100-cvtres.read.1.tlog
C:\Users\Theo Mavrakis\Documents\Visual Studio 2010\Projects\iBreak\iBreak\Debug\link.4100-cvtres.write.1.tlog
C:\Users\Theo Mavrakis\Documents\Visual Studio 2010\Projects\iBreak\iBreak\Debug\link.4224.read.1.tlog
C:\Users\Theo Mavrakis\Documents\Visual Studio 2010\Projects\iBreak\iBreak\Debug\link.4224.write.1.tlog
C:\Users\Theo Mavrakis\Documents\Visual Studio 2010\Projects\iBreak\iBreak\Debug\link.4224-cvtres.read.1.tlog
C:\Users\Theo Mavrakis\Documents\Visual Studio 2010\Projects\iBreak\iBreak\Debug\link.4224-cvtres.write.1.tlog
C:\Users\Theo Mavrakis\Documents\Visual Studio 2010\Projects\iBreak\iBreak\Debug\link.4240.read.1.tlog
C:\Users\Theo Mavrakis\Documents\Visual Studio 2010\Projects\iBreak\iBreak\Debug\link.4240.write.1.tlog
C:\Users\Theo Mavrakis\Documents\Visual Studio 2010\Projects\iBreak\iBreak\Debug\link.4240-cvtres.read.1.tlog
C:\Users\Theo Mavrakis\Documents\Visual Studio 2010\Projects\iBreak\iBreak\Debug\link.4240-cvtres.write.1.tlog
C:\Users\Theo Mavrakis\Documents\Visual Studio 2010\Projects\iBreak\iBreak\Debug\link.4244.read.1.tlog
C:\Users\Theo Mavrakis\Documents\Visual Studio 2010\Projects\iBreak\iBreak\Debug\link.4244.write.1.tlog
C:\Users\Theo Mavrakis\Documents\Visual Studio 2010\Projects\iBreak\iBreak\Debug\link.4244-cvtres.read.1.tlog
C:\Users\Theo Mavrakis\Documents\Visual Studio 2010\Projects\iBreak\iBreak\Debug\link.4244-cvtres.write.1.tlog
C:\Users\Theo Mavrakis\Documents\Visual Studio 2010\Projects\iBreak\iBreak\Debug\link.4304.read.1.tlog
C:\Users\Theo Mavrakis\Documents\Visual Studio 2010\Projects\iBreak\iBreak\Debug\link.4304.write.1.tlog
C:\Users\Theo Mavrakis\Documents\Visual Studio 2010\Projects\iBreak\iBreak\Debug\link.4304-cvtres.read.1.tlog
C:\Users\Theo Mavrakis\Documents\Visual Studio 2010\Projects\iBreak\iBreak\Debug\link.4304-cvtres.write.1.tlog
C:\Users\Theo Mavrakis\Documents\Visual Studio 2010\Projects\iBreak\iBreak\Debug\link.4444.read.1.tlog
C:\Users\Theo Mavrakis\Documents\Visual Studio 2010\Projects\iBreak\iBreak\Debug\link.4444.write.1.tlog
C:\Users\Theo Mavrakis\Documents\Visual Studio 2010\Projects\iBreak\iBreak\Debug\link.4444-cvtres.read.1.tlog
C:\Users\Theo Mavrakis\Documents\Visual Studio 2010\Projects\iBreak\iBreak\Debug\link.4444-cvtres.write.1.tlog
C:\Users\Theo Mavrakis\Documents\Visual Studio 2010\Projects\iBreak\iBreak\Debug\link.4492.read.1.tlog
C:\Users\Theo Mavrakis\Documents\Visual Studio 2010\Projects\iBreak\iBreak\Debug\link.4492.write.1.tlog
C:\Users\Theo Mavrakis\Documents\Visual Studio 2010\Projects\iBreak\iBreak\Debug\link.4492-cvtres.read.1.tlog
C:\Users\Theo Mavrakis\Documents\Visual Studio 2010\Projects\iBreak\iBreak\Debug\link.4492-cvtres.write.1.tlog
C:\Users\Theo Mavrakis\Documents\Visual Studio 2010\Projects\iBreak\iBreak\Debug\link.4552.read.1.tlog
C:\Users\Theo Mavrakis\Documents\Visual Studio 2010\Projects\iBreak\iBreak\Debug\link.4552.write.1.tlog
C:\Users\Theo Mavrakis\Documents\Visual Studio 2010\Projects\iBreak\iBreak\Debug\link.4552-cvtres.read.1.tlog
C:\Users\Theo Mavrakis\Documents\Visual Studio 2010\Projects\iBreak\iBreak\Debug\link.4552-cvtres.write.1.tlog
C:\Users\Theo Mavrakis\Documents\Visual Studio 2010\Projects\iBreak\iBreak\Debug\link.4568.read.1.tlog
C:\Users\Theo Mavrakis\Documents\Visual Studio 2010\Projects\iBreak\iBreak\Debug\link.4568.write.1.tlog
C:\Users\Theo Mavrakis\Documents\Visual Studio 2010\Projects\iBreak\iBreak\Debug\link.4568-cvtres.read.1.tlog
C:\Users\Theo Mavrakis\Documents\Visual Studio 2010\Projects\iBreak\iBreak\Debug\link.4568-cvtres.write.1.tlog
C:\Users\Theo Mavrakis\Documents\Visual Studio 2010\Projects\iBreak\iBreak\Debug\link.4668.read.1.tlog
C:\Users\Theo Mavrakis\Documents\Visual Studio 2010\Projects\iBreak\iBreak\Debug\link.4668.write.1.tlog
C:\Users\Theo Mavrakis\Documents\Visual Studio 2010\Projects\iBreak\iBreak\Debug\link.4668-cvtres.read.1.tlog
C:\Users\Theo Mavrakis\Documents\Visual Studio 2010\Projects\iBreak\iBreak\Debug\link.4668-cvtres.write.1.tlog
C:\Users\Theo Mavrakis\Documents\Visual Studio 2010\Projects\iBreak\iBreak\Debug\link.4868.read.1.tlog
C:\Users\Theo Mavrakis\Documents\Visual Studio 2010\Projects\iBreak\iBreak\Debug\link.4868.write.1.tlog
C:\Users\Theo Mavrakis\Documents\Visual Studio 2010\Projects\iBreak\iBreak\Debug\link.4868-cvtres.read.1.tlog
C:\Users\Theo Mavrakis\Documents\Visual Studio 2010\Projects\iBreak\iBreak\Debug\link.4868-cvtres.write.1.tlog
C:\Users\Theo Mavrakis\Documents\Visual Studio 2010\Projects\iBreak\iBreak\Debug\link.4932.read.1.tlog
C:\Users\Theo Mavrakis\Documents\Visual Studio 2010\Projects\iBreak\iBreak\Debug\link.4932.write.1.tlog
C:\Users\Theo Mavrakis\Documents\Visual Studio 2010\Projects\iBreak\iBreak\Debug\link.4932-cvtres.read.1.tlog
C:\Users\Theo Mavrakis\Documents\Visual Studio 2010\Projects\iBreak\iBreak\Debug\link.4932-cvtres.write.1.tlog
C:\Users\Theo Mavrakis\Documents\Visual Studio 2010\Projects\iBreak\iBreak\Debug\link.5056.read.1.tlog
C:\Users\Theo Mavrakis\Documents\Visual Studio 2010\Projects\iBreak\iBreak\Debug\link.5056.write.1.tlog
C:\Users\Theo Mavrakis\Documents\Visual Studio 2010\Projects\iBreak\iBreak\Debug\link.5056-cvtres.read.1.tlog
C:\Users\Theo Mavrakis\Documents\Visual Studio 2010\Projects\iBreak\iBreak\Debug\link.5056-cvtres.write.1.tlog
C:\Users\Theo Mavrakis\Documents\Visual Studio 2010\Projects\iBreak\iBreak\Debug\link.5128.read.1.tlog
C:\Users\Theo Mavrakis\Documents\Visual Studio 2010\Projects\iBreak\iBreak\Debug\link.5128.write.1.tlog
C:\Users\Theo Mavrakis\Documents\Visual Studio 2010\Projects\iBreak\iBreak\Debug\link.5128-cvtres.read.1.tlog
C:\Users\Theo Mavrakis\Documents\Visual Studio 2010\Projects\iBreak\iBreak\Debug\link.5128-cvtres.write.1.tlog
C:\Users\Theo Mavrakis\Documents\Visual Studio 2010\Projects\iBreak\iBreak\Debug\link.5152.read.1.tlog
C:\Users\Theo Mavrakis\Documents\Visual Studio 2010\Projects\iBreak\iBreak\Debug\link.5152.write.1.tlog
C:\Users\Theo Mavrakis\Documents\Visual Studio 2010\Projects\iBreak\iBreak\Debug\link.5152-cvtres.read.1.tlog
C:\Users\Theo Mavrakis\Documents\Visual Studio 2010\Projects\iBreak\iBreak\Debug\link.5152-cvtres.write.1.tlog
C:\Users\Theo Mavrakis\Documents\Visual Studio 2010\Projects\iBreak\iBreak\Debug\link.5324.read.1.tlog
C:\Users\Theo Mavrakis\Documents\Visual Studio 2010\Projects\iBreak\iBreak\Debug\link.5324.write.1.tlog
C:\Users\Theo Mavrakis\Documents\Visual Studio 2010\Projects\iBreak\iBreak\Debug\link.5324-cvtres.read.1.tlog
C:\Users\Theo Mavrakis\Documents\Visual Studio 2010\Projects\iBreak\iBreak\Debug\link.5324-cvtres.write.1.tlog
C:\Users\Theo Mavrakis\Documents\Visual Studio 2010\Projects\iBreak\iBreak\Debug\link.5380.read.1.tlog
C:\Users\Theo Mavrakis\Documents\Visual Studio 2010\Projects\iBreak\iBreak\Debug\link.5380.write.1.tlog
C:\Users\Theo Mavrakis\Documents\Visual Studio 2010\Projects\iBreak\iBreak\Debug\link.5380-cvtres.read.1.tlog
C:\Users\Theo Mavrakis\Documents\Visual Studio 2010\Projects\iBreak\iBreak\Debug\link.5380-cvtres.write.1.tlog
C:\Users\Theo Mavrakis\Documents\Visual Studio 2010\Projects\iBreak\iBreak\Debug\link.5404.read.1.tlog
C:\Users\Theo Mavrakis\Documents\Visual Studio 2010\Projects\iBreak\iBreak\Debug\link.5404.write.1.tlog
C:\Users\Theo Mavrakis\Documents\Visual Studio 2010\Projects\iBreak\iBreak\Debug\link.5404-cvtres.read.1.tlog
C:\Users\Theo Mavrakis\Documents\Visual Studio 2010\Projects\iBreak\iBreak\Debug\link.5404-cvtres.write.1.tlog
C:\Users\Theo Mavrakis\Documents\Visual Studio 2010\Projects\iBreak\iBreak\Debug\link.5516.read.1.tlog
C:\Users\Theo Mavrakis\Documents\Visual Studio 2010\Projects\iBreak\iBreak\Debug\link.5516.write.1.tlog
C:\Users\Theo Mavrakis\Documents\Visual Studio 2010\Projects\iBreak\iBreak\Debug\link.5516-cvtres.read.1.tlog
C:\Users\Theo Mavrakis\Documents\Visual Studio 2010\Projects\iBreak\iBreak\Debug\link.5516-cvtres.write.1.tlog
C:\Users\Theo Mavrakis\Documents\Visual Studio 2010\Projects\iBreak\iBreak\Debug\link.5648.read.1.tlog
C:\Users\Theo Mavrakis\Documents\Visual Studio 2010\Projects\iBreak\iBreak\Debug\link.5648.write.1.tlog
C:\Users\Theo Mavrakis\Documents\Visual Studio 2010\Projects\iBreak\iBreak\Debug\link.5648-cvtres.read.1.tlog
C:\Users\Theo Mavrakis\Documents\Visual Studio 2010\Projects\iBreak\iBreak\Debug\link.5648-cvtres.write.1.tlog
C:\Users\Theo Mavrakis\Documents\Visual Studio 2010\Projects\iBreak\iBreak\Debug\link.5652.read.1.tlog
C:\Users\Theo Mavrakis\Documents\Visual Studio 2010\Projects\iBreak\iBreak\Debug\link.5652.write.1.tlog
C:\Users\Theo Mavrakis\Documents\Visual Studio 2010\Projects\iBreak\iBreak\Debug\link.5652-cvtres.read.1.tlog
C:\Users\Theo Mavrakis\Documents\Visual Studio 2010\Projects\iBreak\iBreak\Debug\link.5652-cvtres.write.1.tlog
C:\Users\Theo Mavrakis\Documents\Visual Studio 2010\Projects\iBreak\iBreak\Debug\link.5736.read.1.tlog
C:\Users\Theo Mavrakis\Documents\Visual Studio 2010\Projects\iBreak\iBreak\Debug\link.5736.write.1.tlog
C:\Users\Theo Mavrakis\Documents\Visual Studio 2010\Projects\iBreak\iBreak\Debug\link.5736-cvtres.read.1.tlog
C:\Users\Theo Mavrakis\Documents\Visual Studio 2010\Projects\iBreak\iBreak\Debug\link.5736-cvtres.write.1.tlog
C:\Users\Theo Mavrakis\Documents\Visual Studio 2010\Projects\iBreak\iBreak\Debug\link.5768.read.1.tlog
C:\Users\Theo Mavrakis\Documents\Visual Studio 2010\Projects\iBreak\iBreak\Debug\link.5768.write.1.tlog
C:\Users\Theo Mavrakis\Documents\Visual Studio 2010\Projects\iBreak\iBreak\Debug\link.5768-cvtres.read.1.tlog
C:\Users\Theo Mavrakis\Documents\Visual Studio 2010\Projects\iBreak\iBreak\Debug\link.5768-cvtres.write.1.tlog
C:\Users\Theo Mavrakis\Documents\Visual Studio 2010\Projects\iBreak\iBreak\Debug\link.5836.read.1.tlog
C:\Users\Theo Mavrakis\Documents\Visual Studio 2010\Projects\iBreak\iBreak\Debug\link.5836.write.1.tlog
C:\Users\Theo Mavrakis\Documents\Visual Studio 2010\Projects\iBreak\iBreak\Debug\link.5836-cvtres.read.1.tlog
C:\Users\Theo Mavrakis\Documents\Visual Studio 2010\Projects\iBreak\iBreak\Debug\link.5836-cvtres.write.1.tlog
C:\Users\Theo Mavrakis\Documents\Visual Studio 2010\Projects\iBreak\iBreak\Debug\link.5992.read.1.tlog
C:\Users\Theo Mavrakis\Documents\Visual Studio 2010\Projects\iBreak\iBreak\Debug\link.5992.write.1.tlog
C:\Users\Theo Mavrakis\Documents\Visual Studio 2010\Projects\iBreak\iBreak\Debug\link.5992-cvtres.read.1.tlog
C:\Users\Theo Mavrakis\Documents\Visual Studio 2010\Projects\iBreak\iBreak\Debug\link.5992-cvtres.write.1.tlog
C:\Users\Theo Mavrakis\Documents\Visual Studio 2010\Projects\iBreak\iBreak\Debug\link.6096.read.1.tlog
C:\Users\Theo Mavrakis\Documents\Visual Studio 2010\Projects\iBreak\iBreak\Debug\link.6096.write.1.tlog
C:\Users\Theo Mavrakis\Documents\Visual Studio 2010\Projects\iBreak\iBreak\Debug\link.6096-cvtres.read.1.tlog
C:\Users\Theo Mavrakis\Documents\Visual Studio 2010\Projects\iBreak\iBreak\Debug\link.6096-cvtres.write.1.tlog
C:\Users\Theo Mavrakis\Documents\Visual Studio 2010\Projects\iBreak\iBreak\Debug\link.6176.read.1.tlog
C:\Users\Theo Mavrakis\Documents\Visual Studio 2010\Projects\iBreak\iBreak\Debug\link.6176.write.1.tlog
C:\Users\Theo Mavrakis\Documents\Visual Studio 2010\Projects\iBreak\iBreak\Debug\link.6176-cvtres.read.1.tlog
C:\Users\Theo Mavrakis\Documents\Visual Studio 2010\Projects\iBreak\iBreak\Debug\link.6176-cvtres.write.1.tlog
C:\Users\Theo Mavrakis\Documents\Visual Studio 2010\Projects\iBreak\iBreak\Debug\link.6268.read.1.tlog
C:\Users\Theo Mavrakis\Documents\Visual Studio 2010\Projects\iBreak\iBreak\Debug\link.6268.write.1.tlog
C:\Users\Theo Mavrakis\Documents\Visual Studio 2010\Projects\iBreak\iBreak\Debug\link.6268-cvtres.read.1.tlog
C:\Users\Theo Mavrakis\Documents\Visual Studio 2010\Projects\iBreak\iBreak\Debug\link.6268-cvtres.write.1.tlog
C:\Users\Theo Mavrakis\Documents\Visual Studio 2010\Projects\iBreak\iBreak\Debug\link.6292.read.1.tlog
C:\Users\Theo Mavrakis\Documents\Visual Studio 2010\Projects\iBreak\iBreak\Debug\link.6292.write.1.tlog
C:\Users\Theo Mavrakis\Documents\Visual Studio 2010\Projects\iBreak\iBreak\Debug\link.6292-cvtres.read.1.tlog
C:\Users\Theo Mavrakis\Documents\Visual Studio 2010\Projects\iBreak\iBreak\Debug\link.6292-cvtres.write.1.tlog
C:\Users\Theo Mavrakis\Documents\Visual Studio 2010\Projects\iBreak\iBreak\Debug\link.6340.read.1.tlog
C:\Users\Theo Mavrakis\Documents\Visual Studio 2010\Projects\iBreak\iBreak\Debug\link.6340.write.1.tlog
C:\Users\Theo Mavrakis\Documents\Visual Studio 2010\Projects\iBreak\iBreak\Debug\link.6340-cvtres.read.1.tlog
C:\Users\Theo Mavrakis\Documents\Visual Studio 2010\Projects\iBreak\iBreak\Debug\link.6340-cvtres.write.1.tlog
C:\Users\Theo Mavrakis\Documents\Visual Studio 2010\Projects\iBreak\iBreak\Debug\link.6344.read.1.tlog
C:\Users\Theo Mavrakis\Documents\Visual Studio 2010\Projects\iBreak\iBreak\Debug\link.6344.write.1.tlog
C:\Users\Theo Mavrakis\Documents\Visual Studio 2010\Projects\iBreak\iBreak\Debug\link.6344-cvtres.read.1.tlog
C:\Users\Theo Mavrakis\Documents\Visual Studio 2010\Projects\iBreak\iBreak\Debug\link.6344-cvtres.write.1.tlog
C:\Users\Theo Mavrakis\Documents\Visual Studio 2010\Projects\iBreak\iBreak\Debug\link.6408.read.1.tlog
C:\Users\Theo Mavrakis\Documents\Visual Studio 2010\Projects\iBreak\iBreak\Debug\link.6408.write.1.tlog
C:\Users\Theo Mavrakis\Documents\Visual Studio 2010\Projects\iBreak\iBreak\Debug\link.6408-cvtres.read.1.tlog
C:\Users\Theo Mavrakis\Documents\Visual Studio 2010\Projects\iBreak\iBreak\Debug\link.6408-cvtres.write.1.tlog
C:\Users\Theo Mavrakis\Documents\Visual Studio 2010\Projects\iBreak\iBreak\Debug\link.6412.read.1.tlog
C:\Users\Theo Mavrakis\Documents\Visual Studio 2010\Projects\iBreak\iBreak\Debug\link.6412.write.1.tlog
C:\Users\Theo Mavrakis\Documents\Visual Studio 2010\Projects\iBreak\iBreak\Debug\link.6412-cvtres.read.1.tlog
C:\Users\Theo Mavrakis\Documents\Visual Studio 2010\Projects\iBreak\iBreak\Debug\link.6412-cvtres.write.1.tlog
C:\Users\Theo Mavrakis\Documents\Visual Studio 2010\Projects\iBreak\iBreak\Debug\link.6492.read.1.tlog
C:\Users\Theo Mavrakis\Documents\Visual Studio 2010\Projects\iBreak\iBreak\Debug\link.6492.write.1.tlog
C:\Users\Theo Mavrakis\Documents\Visual Studio 2010\Projects\iBreak\iBreak\Debug\link.6492-cvtres.read.1.tlog
C:\Users\Theo Mavrakis\Documents\Visual Studio 2010\Projects\iBreak\iBreak\Debug\link.6492-cvtres.write.1.tlog
C:\Users\Theo Mavrakis\Documents\Visual Studio 2010\Projects\iBreak\iBreak\Debug\link.6580.read.1.tlog
C:\Users\Theo Mavrakis\Documents\Visual Studio 2010\Projects\iBreak\iBreak\Debug\link.6580.write.1.tlog
C:\Users\Theo Mavrakis\Documents\Visual Studio 2010\Projects\iBreak\iBreak\Debug\link.6580-cvtres.read.1.tlog
C:\Users\Theo Mavrakis\Documents\Visual Studio 2010\Projects\iBreak\iBreak\Debug\link.6580-cvtres.write.1.tlog
C:\Users\Theo Mavrakis\Documents\Visual Studio 2010\Projects\iBreak\iBreak\Debug\link.6616.read.1.tlog
C:\Users\Theo Mavrakis\Documents\Visual Studio 2010\Projects\iBreak\iBreak\Debug\link.6616.write.1.tlog
C:\Users\Theo Mavrakis\Documents\Visual Studio 2010\Projects\iBreak\iBreak\Debug\link.6616-cvtres.read.1.tlog
C:\Users\Theo Mavrakis\Documents\Visual Studio 2010\Projects\iBreak\iBreak\Debug\link.6616-cvtres.write.1.tlog
C:\Users\Theo Mavrakis\Documents\Visual Studio 2010\Projects\iBreak\iBreak\Debug\link.6684.read.1.tlog
C:\Users\Theo Mavrakis\Documents\Visual Studio 2010\Projects\iBreak\iBreak\Debug\link.6684.write.1.tlog
C:\Users\Theo Mavrakis\Documents\Visual Studio 2010\Projects\iBreak\iBreak\Debug\link.6684-cvtres.read.1.tlog
C:\Users\Theo Mavrakis\Documents\Visual Studio 2010\Projects\iBreak\iBreak\Debug\link.6684-cvtres.write.1.tlog
C:\Users\Theo Mavrakis\Documents\Visual Studio 2010\Projects\iBreak\iBreak\Debug\link.6740.read.1.tlog
C:\Users\Theo Mavrakis\Documents\Visual Studio 2010\Projects\iBreak\iBreak\Debug\link.6740.write.1.tlog
C:\Users\Theo Mavrakis\Documents\Visual Studio 2010\Projects\iBreak\iBreak\Debug\link.6740-cvtres.read.1.tlog
C:\Users\Theo Mavrakis\Documents\Visual Studio 2010\Projects\iBreak\iBreak\Debug\link.6740-cvtres.write.1.tlog
C:\Users\Theo Mavrakis\Documents\Visual Studio 2010\Projects\iBreak\iBreak\Debug\link.6780.read.1.tlog
C:\Users\Theo Mavrakis\Documents\Visual Studio 2010\Projects\iBreak\iBreak\Debug\link.6780.write.1.tlog
C:\Users\Theo Mavrakis\Documents\Visual Studio 2010\Projects\iBreak\iBreak\Debug\link.6780-cvtres.read.1.tlog
C:\Users\Theo Mavrakis\Documents\Visual Studio 2010\Projects\iBreak\iBreak\Debug\link.6780-cvtres.write.1.tlog
C:\Users\Theo Mavrakis\Documents\Visual Studio 2010\Projects\iBreak\iBreak\Debug\link.6788.read.1.tlog
C:\Users\Theo Mavrakis\Documents\Visual Studio 2010\Projects\iBreak\iBreak\Debug\link.6788.write.1.tlog
C:\Users\Theo Mavrakis\Documents\Visual Studio 2010\Projects\iBreak\iBreak\Debug\link.6788-cvtres.read.1.tlog
C:\Users\Theo Mavrakis\Documents\Visual Studio 2010\Projects\iBreak\iBreak\Debug\link.6788-cvtres.write.1.tlog
C:\Users\Theo Mavrakis\Documents\Visual Studio 2010\Projects\iBreak\iBreak\Debug\link.6828.read.1.tlog
C:\Users\Theo Mavrakis\Documents\Visual Studio 2010\Projects\iBreak\iBreak\Debug\link.6828.write.1.tlog
C:\Users\Theo Mavrakis\Documents\Visual Studio 2010\Projects\iBreak\iBreak\Debug\link.6828-cvtres.read.1.tlog
C:\Users\Theo Mavrakis\Documents\Visual Studio 2010\Projects\iBreak\iBreak\Debug\link.6828-cvtres.write.1.tlog
C:\Users\Theo Mavrakis\Documents\Visual Studio 2010\Projects\iBreak\iBreak\Debug\link.6868.read.1.tlog
C:\Users\Theo Mavrakis\Documents\Visual Studio 2010\Projects\iBreak\iBreak\Debug\link.6868.write.1.tlog
C:\Users\Theo Mavrakis\Documents\Visual Studio 2010\Projects\iBreak\iBreak\Debug\link.6868-cvtres.read.1.tlog
C:\Users\Theo Mavrakis\Documents\Visual Studio 2010\Projects\iBreak\iBreak\Debug\link.6868-cvtres.write.1.tlog
C:\Users\Theo Mavrakis\Documents\Visual Studio 2010\Projects\iBreak\iBreak\Debug\link.6884.read.1.tlog
C:\Users\Theo Mavrakis\Documents\Visual Studio 2010\Projects\iBreak\iBreak\Debug\link.6884.write.1.tlog
C:\Users\Theo Mavrakis\Documents\Visual Studio 2010\Projects\iBreak\iBreak\Debug\link.6884-cvtres.read.1.tlog
C:\Users\Theo Mavrakis\Documents\Visual Studio 2010\Projects\iBreak\iBreak\Debug\link.6884-cvtres.write.1.tlog
C:\Users\Theo Mavrakis\Documents\Visual Studio 2010\Projects\iBreak\iBreak\Debug\link.6900.read.1.tlog
C:\Users\Theo Mavrakis\Documents\Visual Studio 2010\Projects\iBreak\iBreak\Debug\link.6900.write.1.tlog
C:\Users\Theo Mavrakis\Documents\Visual Studio 2010\Projects\iBreak\iBreak\Debug\link.6900-cvtres.read.1.tlog
C:\Users\Theo Mavrakis\Documents\Visual Studio 2010\Projects\iBreak\iBreak\Debug\link.6900-cvtres.write.1.tlog
C:\Users\Theo Mavrakis\Documents\Visual Studio 2010\Projects\iBreak\iBreak\Debug\link.7012.read.1.tlog
C:\Users\Theo Mavrakis\Documents\Visual Studio 2010\Projects\iBreak\iBreak\Debug\link.7012.write.1.tlog
C:\Users\Theo Mavrakis\Documents\Visual Studio 2010\Projects\iBreak\iBreak\Debug\link.7012-cvtres.read.1.tlog
C:\Users\Theo Mavrakis\Documents\Visual Studio 2010\Projects\iBreak\iBreak\Debug\link.7012-cvtres.write.1.tlog
C:\Users\Theo Mavrakis\Documents\Visual Studio 2010\Projects\iBreak\iBreak\Debug\link.7068.read.1.tlog
C:\Users\Theo Mavrakis\Documents\Visual Studio 2010\Projects\iBreak\iBreak\Debug\link.7068.write.1.tlog
C:\Users\Theo Mavrakis\Documents\Visual Studio 2010\Projects\iBreak\iBreak\Debug\link.7068-cvtres.read.1.tlog
C:\Users\Theo Mavrakis\Documents\Visual Studio 2010\Projects\iBreak\iBreak\Debug\link.7068-cvtres.write.1.tlog
C:\Users\Theo Mavrakis\Documents\Visual Studio 2010\Projects\iBreak\iBreak\Debug\link.7084.read.1.tlog
C:\Users\Theo Mavrakis\Documents\Visual Studio 2010\Projects\iBreak\iBreak\Debug\link.7084.write.1.tlog
C:\Users\Theo Mavrakis\Documents\Visual Studio 2010\Projects\iBreak\iBreak\Debug\link.7084-cvtres.read.1.tlog
C:\Users\Theo Mavrakis\Documents\Visual Studio 2010\Projects\iBreak\iBreak\Debug\link.7084-cvtres.write.1.tlog
C:\Users\Theo Mavrakis\Documents\Visual Studio 2010\Projects\iBreak\iBreak\Debug\link.7160.read.1.tlog
C:\Users\Theo Mavrakis\Documents\Visual Studio 2010\Projects\iBreak\iBreak\Debug\link.7160.write.1.tlog
C:\Users\Theo Mavrakis\Documents\Visual Studio 2010\Projects\iBreak\iBreak\Debug\link.7160-cvtres.read.1.tlog
C:\Users\Theo Mavrakis\Documents\Visual Studio 2010\Projects\iBreak\iBreak\Debug\link.7160-cvtres.write.1.tlog
C:\Users\Theo Mavrakis\Documents\Visual Studio 2010\Projects\iBreak\iBreak\Debug\link.7172.read.1.tlog
C:\Users\Theo Mavrakis\Documents\Visual Studio 2010\Projects\iBreak\iBreak\Debug\link.7172.write.1.tlog
C:\Users\Theo Mavrakis\Documents\Visual Studio 2010\Projects\iBreak\iBreak\Debug\link.7172-cvtres.read.1.tlog
C:\Users\Theo Mavrakis\Documents\Visual Studio 2010\Projects\iBreak\iBreak\Debug\link.7172-cvtres.write.1.tlog
C:\Users\Theo Mavrakis\Documents\Visual Studio 2010\Projects\iBreak\iBreak\Debug\link.7220.read.1.tlog
C:\Users\Theo Mavrakis\Documents\Visual Studio 2010\Projects\iBreak\iBreak\Debug\link.7220.write.1.tlog
C:\Users\Theo Mavrakis\Documents\Visual Studio 2010\Projects\iBreak\iBreak\Debug\link.7220-cvtres.read.1.tlog
C:\Users\Theo Mavrakis\Documents\Visual Studio 2010\Projects\iBreak\iBreak\Debug\link.7220-cvtres.write.1.tlog
C:\Users\Theo Mavrakis\Documents\Visual Studio 2010\Projects\iBreak\iBreak\Debug\link.7260.read.1.tlog
C:\Users\Theo Mavrakis\Documents\Visual Studio 2010\Projects\iBreak\iBreak\Debug\link.7260.write.1.tlog
C:\Users\Theo Mavrakis\Documents\Visual Studio 2010\Projects\iBreak\iBreak\Debug\link.7260-cvtres.read.1.tlog
C:\Users\Theo Mavrakis\Documents\Visual Studio 2010\Projects\iBreak\iBreak\Debug\link.7260-cvtres.write.1.tlog
C:\Users\Theo Mavrakis\Documents\Visual Studio 2010\Projects\iBreak\iBreak\Debug\link.7280.read.1.tlog
C:\Users\Theo Mavrakis\Documents\Visual Studio 2010\Projects\iBreak\iBreak\Debug\link.7280.write.1.tlog
C:\Users\Theo Mavrakis\Documents\Visual Studio 2010\Projects\iBreak\iBreak\Debug\link.7280-cvtres.read.1.tlog
C:\Users\Theo Mavrakis\Documents\Visual Studio 2010\Projects\iBreak\iBreak\Debug\link.7280-cvtres.write.1.tlog
C:\Users\Theo Mavrakis\Documents\Visual Studio 2010\Projects\iBreak\iBreak\Debug\link.7284.read.1.tlog
C:\Users\Theo Mavrakis\Documents\Visual Studio 2010\Projects\iBreak\iBreak\Debug\link.7284.write.1.tlog
C:\Users\Theo Mavrakis\Documents\Visual Studio 2010\Projects\iBreak\iBreak\Debug\link.7284-cvtres.read.1.tlog
C:\Users\Theo Mavrakis\Documents\Visual Studio 2010\Projects\iBreak\iBreak\Debug\link.7284-cvtres.write.1.tlog
C:\Users\Theo Mavrakis\Documents\Visual Studio 2010\Projects\iBreak\iBreak\Debug\link.7380.read.1.tlog
C:\Users\Theo Mavrakis\Documents\Visual Studio 2010\Projects\iBreak\iBreak\Debug\link.7380.write.1.tlog
C:\Users\Theo Mavrakis\Documents\Visual Studio 2010\Projects\iBreak\iBreak\Debug\link.7380-cvtres.read.1.tlog
C:\Users\Theo Mavrakis\Documents\Visual Studio 2010\Projects\iBreak\iBreak\Debug\link.7380-cvtres.write.1.tlog
C:\Users\Theo Mavrakis\Documents\Visual Studio 2010\Projects\iBreak\iBreak\Debug\link.7488.read.1.tlog
C:\Users\Theo Mavrakis\Documents\Visual Studio 2010\Projects\iBreak\iBreak\Debug\link.7488.write.1.tlog
C:\Users\Theo Mavrakis\Documents\Visual Studio 2010\Projects\iBreak\iBreak\Debug\link.7488-cvtres.read.1.tlog
C:\Users\Theo Mavrakis\Documents\Visual Studio 2010\Projects\iBreak\iBreak\Debug\link.7488-cvtres.write.1.tlog
C:\Users\Theo Mavrakis\Documents\Visual Studio 2010\Projects\iBreak\iBreak\Debug\link.7496.read.1.tlog
C:\Users\Theo Mavrakis\Documents\Visual Studio 2010\Projects\iBreak\iBreak\Debug\link.7496.write.1.tlog
C:\Users\Theo Mavrakis\Documents\Visual Studio 2010\Projects\iBreak\iBreak\Debug\link.7496-cvtres.read.1.tlog
C:\Users\Theo Mavrakis\Documents\Visual Studio 2010\Projects\iBreak\iBreak\Debug\link.7496-cvtres.write.1.tlog
C:\Users\Theo Mavrakis\Documents\Visual Studio 2010\Projects\iBreak\iBreak\Debug\link.7528.read.1.tlog
C:\Users\Theo Mavrakis\Documents\Visual Studio 2010\Projects\iBreak\iBreak\Debug\link.7528.write.1.tlog
C:\Users\Theo Mavrakis\Documents\Visual Studio 2010\Projects\iBreak\iBreak\Debug\link.7528-cvtres.read.1.tlog
C:\Users\Theo Mavrakis\Documents\Visual Studio 2010\Projects\iBreak\iBreak\Debug\link.7528-cvtres.write.1.tlog
C:\Users\Theo Mavrakis\Documents\Visual Studio 2010\Projects\iBreak\iBreak\Debug\link.7556.read.1.tlog
C:\Users\Theo Mavrakis\Documents\Visual Studio 2010\Projects\iBreak\iBreak\Debug\link.7556.write.1.tlog
C:\Users\Theo Mavrakis\Documents\Visual Studio 2010\Projects\iBreak\iBreak\Debug\link.7556-cvtres.read.1.tlog
C:\Users\Theo Mavrakis\Documents\Visual Studio 2010\Projects\iBreak\iBreak\Debug\link.7556-cvtres.write.1.tlog
C:\Users\Theo Mavrakis\Documents\Visual Studio 2010\Projects\iBreak\iBreak\Debug\link.7576.read.1.tlog
C:\Users\Theo Mavrakis\Documents\Visual Studio 2010\Projects\iBreak\iBreak\Debug\link.7576.write.1.tlog
C:\Users\Theo Mavrakis\Documents\Visual Studio 2010\Projects\iBreak\iBreak\Debug\link.7576-cvtres.read.1.tlog
C:\Users\Theo Mavrakis\Documents\Visual Studio 2010\Projects\iBreak\iBreak\Debug\link.7576-cvtres.write.1.tlog
C:\Users\Theo Mavrakis\Documents\Visual Studio 2010\Projects\iBreak\iBreak\Debug\link.7712.read.1.tlog
C:\Users\Theo Mavrakis\Documents\Visual Studio 2010\Projects\iBreak\iBreak\Debug\link.7712.write.1.tlog
C:\Users\Theo Mavrakis\Documents\Visual Studio 2010\Projects\iBreak\iBreak\Debug\link.7712-cvtres.read.1.tlog
C:\Users\Theo Mavrakis\Documents\Visual Studio 2010\Projects\iBreak\iBreak\Debug\link.7712-cvtres.write.1.tlog
C:\Users\Theo Mavrakis\Documents\Visual Studio 2010\Projects\iBreak\iBreak\Debug\link.7724.read.1.tlog
C:\Users\Theo Mavrakis\Documents\Visual Studio 2010\Projects\iBreak\iBreak\Debug\link.7724.write.1.tlog
C:\Users\Theo Mavrakis\Documents\Visual Studio 2010\Projects\iBreak\iBreak\Debug\link.7724-cvtres.read.1.tlog
C:\Users\Theo Mavrakis\Documents\Visual Studio 2010\Projects\iBreak\iBreak\Debug\link.7724-cvtres.write.1.tlog
C:\Users\Theo Mavrakis\Documents\Visual Studio 2010\Projects\iBreak\iBreak\Debug\link.7760.read.1.tlog
C:\Users\Theo Mavrakis\Documents\Visual Studio 2010\Projects\iBreak\iBreak\Debug\link.7760.write.1.tlog
C:\Users\Theo Mavrakis\Documents\Visual Studio 2010\Projects\iBreak\iBreak\Debug\link.7760-cvtres.read.1.tlog
C:\Users\Theo Mavrakis\Documents\Visual Studio 2010\Projects\iBreak\iBreak\Debug\link.7760-cvtres.write.1.tlog
C:\Users\Theo Mavrakis\Documents\Visual Studio 2010\Projects\iBreak\iBreak\Debug\link.7816.read.1.tlog
C:\Users\Theo Mavrakis\Documents\Visual Studio 2010\Projects\iBreak\iBreak\Debug\link.7816.write.1.tlog
C:\Users\Theo Mavrakis\Documents\Visual Studio 2010\Projects\iBreak\iBreak\Debug\link.7816-cvtres.read.1.tlog
C:\Users\Theo Mavrakis\Documents\Visual Studio 2010\Projects\iBreak\iBreak\Debug\link.7816-cvtres.write.1.tlog
C:\Users\Theo Mavrakis\Documents\Visual Studio 2010\Projects\iBreak\iBreak\Debug\link.8028.read.1.tlog
C:\Users\Theo Mavrakis\Documents\Visual Studio 2010\Projects\iBreak\iBreak\Debug\link.8028.write.1.tlog
C:\Users\Theo Mavrakis\Documents\Visual Studio 2010\Projects\iBreak\iBreak\Debug\link.8028-cvtres.read.1.tlog
C:\Users\Theo Mavrakis\Documents\Visual Studio 2010\Projects\iBreak\iBreak\Debug\link.8028-cvtres.write.1.tlog
C:\Users\Theo Mavrakis\Documents\Visual Studio 2010\Projects\iBreak\iBreak\Debug\link.8048.read.1.tlog
C:\Users\Theo Mavrakis\Documents\Visual Studio 2010\Projects\iBreak\iBreak\Debug\link.8048.write.1.tlog
C:\Users\Theo Mavrakis\Documents\Visual Studio 2010\Projects\iBreak\iBreak\Debug\link.8048-cvtres.read.1.tlog
C:\Users\Theo Mavrakis\Documents\Visual Studio 2010\Projects\iBreak\iBreak\Debug\link.8048-cvtres.write.1.tlog
C:\Users\Theo Mavrakis\Documents\Visual Studio 2010\Projects\iBreak\iBreak\Debug\link.8124.read.1.tlog
C:\Users\Theo Mavrakis\Documents\Visual Studio 2010\Projects\iBreak\iBreak\Debug\link.8124.write.1.tlog
C:\Users\Theo Mavrakis\Documents\Visual Studio 2010\Projects\iBreak\iBreak\Debug\link.8124-cvtres.read.1.tlog
C:\Users\Theo Mavrakis\Documents\Visual Studio 2010\Projects\iBreak\iBreak\Debug\link.8124-cvtres.write.1.tlog
C:\Users\Theo Mavrakis\Documents\Visual Studio 2010\Projects\iBreak\iBreak\Debug\link.8140.read.1.tlog
C:\Users\Theo Mavrakis\Documents\Visual Studio 2010\Projects\iBreak\iBreak\Debug\link.8140.write.1.tlog
C:\Users\Theo Mavrakis\Documents\Visual Studio 2010\Projects\iBreak\iBreak\Debug\link.8140-cvtres.read.1.tlog
C:\Users\Theo Mavrakis\Documents\Visual Studio 2010\Projects\iBreak\iBreak\Debug\link.8140-cvtres.write.1.tlog
C:\Users\Theo Mavrakis\Documents\Visual Studio 2010\Projects\iBreak\iBreak\Debug\link.8152.read.1.tlog
C:\Users\Theo Mavrakis\Documents\Visual Studio 2010\Projects\iBreak\iBreak\Debug\link.8152.write.1.tlog
C:\Users\Theo Mavrakis\Documents\Visual Studio 2010\Projects\iBreak\iBreak\Debug\link.8152-cvtres.read.1.tlog
C:\Users\Theo Mavrakis\Documents\Visual Studio 2010\Projects\iBreak\iBreak\Debug\link.8152-cvtres.write.1.tlog
C:\Users\Theo Mavrakis\Documents\Visual Studio 2010\Projects\iBreak\iBreak\Debug\link.8260.read.1.tlog
C:\Users\Theo Mavrakis\Documents\Visual Studio 2010\Projects\iBreak\iBreak\Debug\link.8260.write.1.tlog
C:\Users\Theo Mavrakis\Documents\Visual Studio 2010\Projects\iBreak\iBreak\Debug\link.8260-cvtres.read.1.tlog
C:\Users\Theo Mavrakis\Documents\Visual Studio 2010\Projects\iBreak\iBreak\Debug\link.8260-cvtres.write.1.tlog
C:\Users\Theo Mavrakis\Documents\Visual Studio 2010\Projects\iBreak\iBreak\Debug\link.8792.read.1.tlog
C:\Users\Theo Mavrakis\Documents\Visual Studio 2010\Projects\iBreak\iBreak\Debug\link.8792.write.1.tlog
C:\Users\Theo Mavrakis\Documents\Visual Studio 2010\Projects\iBreak\iBreak\Debug\link.8792-cvtres.read.1.tlog
C:\Users\Theo Mavrakis\Documents\Visual Studio 2010\Projects\iBreak\iBreak\Debug\link.8792-cvtres.write.1.tlog
C:\Users\Theo Mavrakis\Documents\Visual Studio 2010\Projects\iBreak\iBreak\Debug\link.8800.read.1.tlog
C:\Users\Theo Mavrakis\Documents\Visual Studio 2010\Projects\iBreak\iBreak\Debug\link.8800.write.1.tlog
C:\Users\Theo Mavrakis\Documents\Visual Studio 2010\Projects\iBreak\iBreak\Debug\link.8800-cvtres.read.1.tlog
C:\Users\Theo Mavrakis\Documents\Visual Studio 2010\Projects\iBreak\iBreak\Debug\link.8800-cvtres.write.1.tlog
C:\Users\Theo Mavrakis\Documents\Visual Studio 2010\Projects\iBreak\iBreak\Debug\link.8816.read.1.tlog
C:\Users\Theo Mavrakis\Documents\Visual Studio 2010\Projects\iBreak\iBreak\Debug\link.8816.write.1.tlog
C:\Users\Theo Mavrakis\Documents\Visual Studio 2010\Projects\iBreak\iBreak\Debug\link.8816-cvtres.read.1.tlog
C:\Users\Theo Mavrakis\Documents\Visual Studio 2010\Projects\iBreak\iBreak\Debug\link.8816-cvtres.write.1.tlog
C:\Users\Theo Mavrakis\Documents\Visual Studio 2010\Projects\iBreak\iBreak\Debug\link.9156.read.1.tlog
C:\Users\Theo Mavrakis\Documents\Visual Studio 2010\Projects\iBreak\iBreak\Debug\link.9156.write.1.tlog
C:\Users\Theo Mavrakis\Documents\Visual Studio 2010\Projects\iBreak\iBreak\Debug\link.9156-cvtres.read.1.tlog
C:\Users\Theo Mavrakis\Documents\Visual Studio 2010\Projects\iBreak\iBreak\Debug\link.9156-cvtres.write.1.tlog
C:\Users\Theo Mavrakis\Documents\Visual Studio 2010\Projects\iBreak\iBreak\Debug\link.940.read.1.tlog
C:\Users\Theo Mavrakis\Documents\Visual Studio 2010\Projects\iBreak\iBreak\Debug\link.940.write.1.tlog
C:\Users\Theo Mavrakis\Documents\Visual Studio 2010\Projects\iBreak\iBreak\Debug\link.940-cvtres.read.1.tlog
C:\Users\Theo Mavrakis\Documents\Visual Studio 2010\Projects\iBreak\iBreak\Debug\link.940-cvtres.write.1.tlog
C:\Users\Theo Mavrakis\Documents\Visual Studio 2010\Projects\iBreak\iBreak\Debug\link.996.read.1.tlog
C:\Users\Theo Mavrakis\Documents\Visual Studio 2010\Projects\iBreak\iBreak\Debug\link.996.write.1.tlog
C:\Users\Theo Mavrakis\Documents\Visual Studio 2010\Projects\iBreak\iBreak\Debug\link.996-cvtres.read.1.tlog
C:\Users\Theo Mavrakis\Documents\Visual Studio 2010\Projects\iBreak\iBreak\Debug\link.996-cvtres.write.1.tlog
C:\Users\Theo Mavrakis\Documents\Visual Studio 2010\Projects\iBreak\iBreak\Debug\link.command.1.tlog
C:\Users\Theo Mavrakis\Documents\Visual Studio 2010\Projects\iBreak\iBreak\Debug\link.read.1.tlog
C:\Users\Theo Mavrakis\Documents\Visual Studio 2010\Projects\iBreak\iBreak\Debug\link.write.1.tlog
C:\USERS\THEO MAVRAKIS\DOCUMENTS\VISUAL STUDIO 2010\PROJECTS\IBREAK\IBREAK\DEBUG\MAIN.OBJ
C:\Users\Theo Mavrakis\Documents\Visual Studio 2010\Projects\iBreak\iBreak\Debug\mt.command.1.tlog
C:\Users\Theo Mavrakis\Documents\Visual Studio 2010\Projects\iBreak\iBreak\Debug\mt.read.1.tlog
C:\Users\Theo Mavrakis\Documents\Visual Studio 2010\Projects\iBreak\iBreak\Debug\mt.write.1.tlog
C:\Users\Theo Mavrakis\Documents\Visual Studio 2010\Projects\iBreak\iBreak\Debug\rc.command.1.tlog
C:\Users\Theo Mavrakis\Documents\Visual Studio 2010\Projects\iBreak\iBreak\Debug\rc.read.1.tlog
C:\Users\Theo Mavrakis\Documents\Visual Studio 2010\Projects\iBreak\iBreak\Debug\rc.write.1.tlog
C:\Users\Theo Mavrakis\Documents\Visual Studio 2010\Projects\iBreak\iBreak\Debug\ResolveAssemblyReference.cache
C:\USERS\THEO MAVRAKIS\DOCUMENTS\VISUAL STUDIO 2010\PROJECTS\IBREAK\IBREAK\DEBUG\STDAFX.OBJ
C:\USERS\THEO MAVRAKIS\DOCUMENTS\VISUAL STUDIO 2010\PROJECTS\IBREAK\IBREAK\DEBUG\VC100.PDB
