C:\USERS\THEO JR\DOCUMENTS\VISUAL STUDIO 2010\PROJECTS\FORMS TEST\FORMS TEST\RELEASE\.NETFRAMEWORK,VERSION=V4.0.ASSEMBLYATTRIBUTES.OBJ
C:\USERS\THEO JR\DOCUMENTS\VISUAL STUDIO 2010\PROJECTS\FORMS TEST\FORMS TEST\RELEASE\APP.RES
C:\USERS\THEO JR\DOCUMENTS\VISUAL STUDIO 2010\PROJECTS\FORMS TEST\FORMS TEST\RELEASE\ASSEMBLYINFO.OBJ
C:\USERS\THEO JR\DOCUMENTS\VISUAL STUDIO 2010\PROJECTS\FORMS TEST\FORMS TEST\RELEASE\FORMS TEST.OBJ
C:\USERS\THEO JR\DOCUMENTS\VISUAL STUDIO 2010\PROJECTS\FORMS TEST\FORMS TEST\RELEASE\FORMSTEST.FORM1.RESOURCES
C:\USERS\THEO JR\DOCUMENTS\VISUAL STUDIO 2010\PROJECTS\FORMS TEST\FORMS TEST\RELEASE\FORMSTEST.MAIN.RESOURCES
C:\USERS\THEO JR\DOCUMENTS\VISUAL STUDIO 2010\PROJECTS\FORMS TEST\FORMS TEST\RELEASE\IBREAK.EXE.INTERMEDIATE.MANIFEST
C:\USERS\THEO JR\DOCUMENTS\VISUAL STUDIO 2010\PROJECTS\FORMS TEST\FORMS TEST\RELEASE\IBREAK.PCH
C:\USERS\THEO JR\DOCUMENTS\VISUAL STUDIO 2010\PROJECTS\FORMS TEST\FORMS TEST\RELEASE\MAIN.OBJ
C:\USERS\THEO JR\DOCUMENTS\VISUAL STUDIO 2010\PROJECTS\FORMS TEST\FORMS TEST\RELEASE\STDAFX.OBJ
C:\USERS\THEO JR\DOCUMENTS\VISUAL STUDIO 2010\PROJECTS\FORMS TEST\FORMS TEST\RELEASE\VC100.PDB
C:\USERS\THEO JR\DOCUMENTS\VISUAL STUDIO 2010\PROJECTS\FORMS TEST\RELEASE\IBREAK.EXE
C:\USERS\THEO JR\DOCUMENTS\VISUAL STUDIO 2010\PROJECTS\FORMS TEST\RELEASE\IBREAK.PDB
C:\USERS\THEO MAVRAKIS\DOCUMENTS\VISUAL STUDIO 2010\PROJECTS\IBREAK\IBREAK\RELEASE\.NETFRAMEWORK,VERSION=V4.0.ASSEMBLYATTRIBUTES.OBJ
C:\USERS\THEO MAVRAKIS\DOCUMENTS\VISUAL STUDIO 2010\PROJECTS\IBREAK\IBREAK\RELEASE\APP.RES
C:\USERS\THEO MAVRAKIS\DOCUMENTS\VISUAL STUDIO 2010\PROJECTS\IBREAK\IBREAK\RELEASE\ASSEMBLYINFO.OBJ
C:\Users\Theo Mavrakis\Documents\Visual Studio 2010\Projects\iBreak\iBreak\Release\cl.command.1.tlog
C:\Users\Theo Mavrakis\Documents\Visual Studio 2010\Projects\iBreak\iBreak\Release\CL.read.1.tlog
C:\Users\Theo Mavrakis\Documents\Visual Studio 2010\Projects\iBreak\iBreak\Release\CL.write.1.tlog
C:\Users\Theo Mavrakis\Documents\Visual Studio 2010\Projects\iBreak\iBreak\Release\Forms Test.obj
C:\USERS\THEO MAVRAKIS\DOCUMENTS\VISUAL STUDIO 2010\PROJECTS\IBREAK\IBREAK\RELEASE\FORMSTEST.FORM1.RESOURCES
C:\Users\Theo Mavrakis\Documents\Visual Studio 2010\Projects\iBreak\iBreak\Release\FormsTest.main.resources
C:\Users\Theo Mavrakis\Documents\Visual Studio 2010\Projects\iBreak\iBreak\Release\GenerateResource.read.1.tlog
C:\Users\Theo Mavrakis\Documents\Visual Studio 2010\Projects\iBreak\iBreak\Release\GenerateResource.read.10.tlog
C:\Users\Theo Mavrakis\Documents\Visual Studio 2010\Projects\iBreak\iBreak\Release\GenerateResource.read.121.tlog
C:\Users\Theo Mavrakis\Documents\Visual Studio 2010\Projects\iBreak\iBreak\Release\GenerateResource.read.19.tlog
C:\Users\Theo Mavrakis\Documents\Visual Studio 2010\Projects\iBreak\iBreak\Release\GenerateResource.read.37.tlog
C:\Users\Theo Mavrakis\Documents\Visual Studio 2010\Projects\iBreak\iBreak\Release\GenerateResource.read.70.tlog
C:\Users\Theo Mavrakis\Documents\Visual Studio 2010\Projects\iBreak\iBreak\Release\GenerateResource.read.77.tlog
C:\Users\Theo Mavrakis\Documents\Visual Studio 2010\Projects\iBreak\iBreak\Release\GenerateResource.write.1.tlog
C:\Users\Theo Mavrakis\Documents\Visual Studio 2010\Projects\iBreak\iBreak\Release\GenerateResource.write.10.tlog
C:\Users\Theo Mavrakis\Documents\Visual Studio 2010\Projects\iBreak\iBreak\Release\GenerateResource.write.121.tlog
C:\Users\Theo Mavrakis\Documents\Visual Studio 2010\Projects\iBreak\iBreak\Release\GenerateResource.write.19.tlog
C:\Users\Theo Mavrakis\Documents\Visual Studio 2010\Projects\iBreak\iBreak\Release\GenerateResource.write.37.tlog
C:\Users\Theo Mavrakis\Documents\Visual Studio 2010\Projects\iBreak\iBreak\Release\GenerateResource.write.70.tlog
C:\Users\Theo Mavrakis\Documents\Visual Studio 2010\Projects\iBreak\iBreak\Release\GenerateResource.write.77.tlog
C:\USERS\THEO MAVRAKIS\DOCUMENTS\VISUAL STUDIO 2010\PROJECTS\IBREAK\IBREAK\RELEASE\IBREAK.EXE.INTERMEDIATE.MANIFEST
C:\USERS\THEO MAVRAKIS\DOCUMENTS\VISUAL STUDIO 2010\PROJECTS\IBREAK\IBREAK\RELEASE\IBREAK.OBJ
C:\USERS\THEO MAVRAKIS\DOCUMENTS\VISUAL STUDIO 2010\PROJECTS\IBREAK\IBREAK\RELEASE\IBREAK.PCH
C:\Users\Theo Mavrakis\Documents\Visual Studio 2010\Projects\iBreak\iBreak\Release\iBreak.write.1.tlog
C:\Users\Theo Mavrakis\Documents\Visual Studio 2010\Projects\iBreak\iBreak\Release\link.command.1.tlog
C:\Users\Theo Mavrakis\Documents\Visual Studio 2010\Projects\iBreak\iBreak\Release\link.read.1.tlog
C:\Users\Theo Mavrakis\Documents\Visual Studio 2010\Projects\iBreak\iBreak\Release\link.write.1.tlog
C:\Users\Theo Mavrakis\Documents\Visual Studio 2010\Projects\iBreak\iBreak\Release\link-cvtres.read.1.tlog
C:\Users\Theo Mavrakis\Documents\Visual Studio 2010\Projects\iBreak\iBreak\Release\link-cvtres.write.1.tlog
C:\USERS\THEO MAVRAKIS\DOCUMENTS\VISUAL STUDIO 2010\PROJECTS\IBREAK\IBREAK\RELEASE\MAIN.OBJ
C:\Users\Theo Mavrakis\Documents\Visual Studio 2010\Projects\iBreak\iBreak\Release\mt.command.1.tlog
C:\Users\Theo Mavrakis\Documents\Visual Studio 2010\Projects\iBreak\iBreak\Release\mt.read.1.tlog
C:\Users\Theo Mavrakis\Documents\Visual Studio 2010\Projects\iBreak\iBreak\Release\mt.write.1.tlog
C:\Users\Theo Mavrakis\Documents\Visual Studio 2010\Projects\iBreak\iBreak\Release\rc.command.1.tlog
C:\Users\Theo Mavrakis\Documents\Visual Studio 2010\Projects\iBreak\iBreak\Release\rc.read.1.tlog
C:\Users\Theo Mavrakis\Documents\Visual Studio 2010\Projects\iBreak\iBreak\Release\rc.write.1.tlog
C:\Users\Theo Mavrakis\Documents\Visual Studio 2010\Projects\iBreak\iBreak\Release\ResolveAssemblyReference.cache
C:\USERS\THEO MAVRAKIS\DOCUMENTS\VISUAL STUDIO 2010\PROJECTS\IBREAK\IBREAK\RELEASE\STDAFX.OBJ
C:\USERS\THEO MAVRAKIS\DOCUMENTS\VISUAL STUDIO 2010\PROJECTS\IBREAK\IBREAK\RELEASE\VC100.PDB
C:\USERS\THEO MAVRAKIS\DOCUMENTS\VISUAL STUDIO 2010\PROJECTS\IBREAK\RELEASE\IBREAK.EXE
C:\USERS\THEO MAVRAKIS\DOCUMENTS\VISUAL STUDIO 2010\PROJECTS\IBREAK\RELEASE\IBREAK.PDB
